<?xml version="1.0" encoding="UTF-8"?>
<testsuite xmlns:xsi="http://www.w3.org/2001/XMLSchema-instance" xsi:noNamespaceSchemaLocation="https://maven.apache.org/surefire/maven-surefire-plugin/xsd/surefire-test-report.xsd" name="RunOpenPageTests" time="43.587" tests="16" errors="0" skipped="0" failures="0">
  <properties>
[...]
</properties>
  <testcase name="Given I open Main Page" classname="Scenario: Open Login Page" time="0.001"/>
  <testcase name="When I click on Sign In button" classname="Scenario: Open Login Page" time="0"/>
  <testcase name="Then Open page with title &apos;Login - My Store&apos;" classname="Scenario: Open Login Page" time="0"/>
  <testcase name="Scenario: Open Login Page" classname="Scenario: Open Login Page" time="0.061"/>
  <testcase name="Given I open Main Page" classname="| Women | Women - My Store |" time="0"/>
  <testcase name="When I click on &apos;Women&apos; button" classname="| Women | Women - My Store |" time="0"/>
  <testcase name="Then Open page with title &apos;Women - My Store&apos;" classname="| Women | Women - My Store |" time="0"/>
  <testcase name="| Women | Women - My Store |" classname="| Women | Women - My Store |" time="0.064"/>
  <testcase name="Given I open Main Page" classname="| Dresses | Dresses - My Store |" time="0"/>
  <testcase name="When I click on &apos;Dresses&apos; button" classname="| Dresses | Dresses - My Store |" time="0"/>
  <testcase name="Then Open page with title &apos;Dresses - My Store&apos;" classname="| Dresses | Dresses - My Store |" time="0"/>
  <testcase name="| Dresses | Dresses - My Store |" classname="| Dresses | Dresses - My Store |" time="0.063"/>
  <testcase name="Given I open Main Page" classname="| T-shirts | T-shirts - My Store |" time="0"/>
  <testcase name="When I click on &apos;T-shirts&apos; button" classname="| T-shirts | T-shirts - My Store |" time="0"/>
  <testcase name="Then Open page with title &apos;T-shirts - My Store&apos;" classname="| T-shirts | T-shirts - My Store |" time="0"/>
  <testcase name="| T-shirts | T-shirts - My Store |" classname="| T-shirts | T-shirts - My Store |" time="0.065"/>
</testsuite>